============================================================
SUMMARY OF ERRORS
============================================================
Sat Aug 24 12:57:54 CST 2024


- [20240824125754-20184]: Error: Division by zero



============================================================
DETAILS
============================================================


[20240824125754-20184]
Error: Division by zero

[LOG]:
test.sh: 1: eval: bc: not found


============================================================



============================================================
SUMMARY OF ERRORS
============================================================
Sat Aug 24 12:58:28 CST 2024


- [20240824125828_2738]: Error: Division by zero



============================================================
DETAILS
============================================================


[20240824125828_2738]
Error: Division by zero

[LOG]:
test.sh: 1: eval: bc: not found


============================================================



============================================================
SUMMARY OF ERRORS
============================================================
Sat Aug 24 13:00:47 CST 2024


- [20240824130047_15912]: '--'



============================================================
DETAILS
============================================================


[20240824130047_15912]
'--'

[LOG]:
test.sh: 1: eval: bc: not found


============================================================



============================================================
SUMMARY OF ERRORS
============================================================
Sat Aug 24 13:03:39 CST 2024


- [20240824130339_24514]: 'NO_LABEL'
- [20240824130339_13017]: 'NO_LABEL'



============================================================
DETAILS
============================================================


[20240824130339_24514]
'NO_LABEL'

[LOG]:
test.sh: 1: eval: bc: not found


============================================================


[20240824130339_13017]
'NO_LABEL'

[LOG]:
test.sh: 1: eval: non_existent_command: not found


============================================================



============================================================
SUMMARY OF ERRORS
============================================================
Sat Aug 24 13:03:55 CST 2024


- [20240824130355_5257]: Error: Division by zero
- [20240824130355_551]: 'NO_LABEL'



============================================================
DETAILS
============================================================


[20240824130355_5257]
Error: Division by zero

[LOG]:
test.sh: 1: eval: bc: not found


============================================================


[20240824130355_551]
'NO_LABEL'

[LOG]:
test.sh: 1: eval: non_existent_command: not found


============================================================



